<?xml version="1.0" encoding="UTF-8"?>
<!-- Generated by org.testng.reporters.JUnitXMLReporter -->
<testsuite hostname="DESKTOP-P6RFS9P" ignored="0" name="Parabank Test" tests="5" failures="0" timestamp="2023-06-27T15:05:43 MST" time="29.634" errors="0">
  <testcase name="userSholdRegisterAccountSuccessfully" time="1.367" classname="parabank.testsuite.RegisterTest"/>
  <testcase name="verifyThatSigningUpPageDisplay" time="0.827" classname="parabank.testsuite.RegisterTest"/>
  <testcase name="userShouldLogOutSuccessfully" time="1.407" classname="parabank.testsuite.LoginTest"/>
  <testcase name="userShouldLoginSuccessfullyWithValidCredentials" time="0.592" classname="parabank.testsuite.LoginTest"/>
  <testcase name="verifyTheErrorMessage" time="0.861" classname="parabank.testsuite.LoginTest"/>
</testsuite> <!-- Parabank Test -->
